[2020-05-20 15:21:41,066] INFO Reading configuration from: config/zookeeper.properties (org.apache.zookeeper.server.quorum.QuorumPeerConfig)
[2020-05-20 15:21:41,068] INFO autopurge.snapRetainCount set to 3 (org.apache.zookeeper.server.DatadirCleanupManager)
[2020-05-20 15:21:41,068] INFO autopurge.purgeInterval set to 0 (org.apache.zookeeper.server.DatadirCleanupManager)
[2020-05-20 15:21:41,068] INFO Purge task is not scheduled. (org.apache.zookeeper.server.DatadirCleanupManager)
[2020-05-20 15:21:41,068] WARN Either no config or no quorum defined in config, running  in standalone mode (org.apache.zookeeper.server.quorum.QuorumPeerMain)
[2020-05-20 15:21:41,078] INFO Reading configuration from: config/zookeeper.properties (org.apache.zookeeper.server.quorum.QuorumPeerConfig)
[2020-05-20 15:21:41,078] INFO Starting server (org.apache.zookeeper.server.ZooKeeperServerMain)
[2020-05-20 15:21:41,084] INFO Server environment:zookeeper.version=3.4.14-4c25d480e66aadd371de8bd2fd8da255ac140bcf, built on 03/06/2019 16:18 GMT (org.apache.zookeeper.server.ZooKeeperServer)
[2020-05-20 15:21:41,084] INFO Server environment:host.name=elslabm-157116.science.regn.net (org.apache.zookeeper.server.ZooKeeperServer)
[2020-05-20 15:21:41,084] INFO Server environment:java.version=1.8.0_222 (org.apache.zookeeper.server.ZooKeeperServer)
[2020-05-20 15:21:41,084] INFO Server environment:java.vendor=AdoptOpenJDK (org.apache.zookeeper.server.ZooKeeperServer)
[2020-05-20 15:21:41,084] INFO Server environment:java.home=/Library/Java/JavaVirtualMachines/adoptopenjdk-8.jdk/Contents/Home/jre (org.apache.zookeeper.server.ZooKeeperServer)
[2020-05-20 15:21:41,084] INFO Server environment:java.class.path=/Users/cowan1/Documents/kafka_2_12/bin/../libs/activation-1.1.1.jar:/Users/cowan1/Documents/kafka_2_12/bin/../libs/aopalliance-repackaged-2.5.0.jar:/Users/cowan1/Documents/kafka_2_12/bin/../libs/argparse4j-0.7.0.jar:/Users/cowan1/Documents/kafka_2_12/bin/../libs/audience-annotations-0.5.0.jar:/Users/cowan1/Documents/kafka_2_12/bin/../libs/commons-lang3-3.8.1.jar:/Users/cowan1/Documents/kafka_2_12/bin/../libs/connect-api-2.3.0.jar:/Users/cowan1/Documents/kafka_2_12/bin/../libs/connect-basic-auth-extension-2.3.0.jar:/Users/cowan1/Documents/kafka_2_12/bin/../libs/connect-file-2.3.0.jar:/Users/cowan1/Documents/kafka_2_12/bin/../libs/connect-json-2.3.0.jar:/Users/cowan1/Documents/kafka_2_12/bin/../libs/connect-runtime-2.3.0.jar:/Users/cowan1/Documents/kafka_2_12/bin/../libs/connect-transforms-2.3.0.jar:/Users/cowan1/Documents/kafka_2_12/bin/../libs/guava-20.0.jar:/Users/cowan1/Documents/kafka_2_12/bin/../libs/hk2-api-2.5.0.jar:/Users/cowan1/Documents/kafka_2_12/bin/../libs/hk2-locator-2.5.0.jar:/Users/cowan1/Documents/kafka_2_12/bin/../libs/hk2-utils-2.5.0.jar:/Users/cowan1/Documents/kafka_2_12/bin/../libs/jackson-annotations-2.9.9.jar:/Users/cowan1/Documents/kafka_2_12/bin/../libs/jackson-core-2.9.9.jar:/Users/cowan1/Documents/kafka_2_12/bin/../libs/jackson-databind-2.9.9.jar:/Users/cowan1/Documents/kafka_2_12/bin/../libs/jackson-dataformat-csv-2.9.9.jar:/Users/cowan1/Documents/kafka_2_12/bin/../libs/jackson-datatype-jdk8-2.9.9.jar:/Users/cowan1/Documents/kafka_2_12/bin/../libs/jackson-jaxrs-base-2.9.9.jar:/Users/cowan1/Documents/kafka_2_12/bin/../libs/jackson-jaxrs-json-provider-2.9.9.jar:/Users/cowan1/Documents/kafka_2_12/bin/../libs/jackson-module-jaxb-annotations-2.9.9.jar:/Users/cowan1/Documents/kafka_2_12/bin/../libs/jackson-module-paranamer-2.9.9.jar:/Users/cowan1/Documents/kafka_2_12/bin/../libs/jackson-module-scala_2.12-2.9.9.jar:/Users/cowan1/Documents/kafka_2_12/bin/../libs/jakarta.annotation-api-1.3.4.jar:/Users/cowan1/Documents/kafka_2_12/bin/../libs/jakarta.inject-2.5.0.jar:/Users/cowan1/Documents/kafka_2_12/bin/../libs/jakarta.ws.rs-api-2.1.5.jar:/Users/cowan1/Documents/kafka_2_12/bin/../libs/javassist-3.22.0-CR2.jar:/Users/cowan1/Documents/kafka_2_12/bin/../libs/javax.servlet-api-3.1.0.jar:/Users/cowan1/Documents/kafka_2_12/bin/../libs/javax.ws.rs-api-2.1.1.jar:/Users/cowan1/Documents/kafka_2_12/bin/../libs/jaxb-api-2.3.0.jar:/Users/cowan1/Documents/kafka_2_12/bin/../libs/jersey-client-2.28.jar:/Users/cowan1/Documents/kafka_2_12/bin/../libs/jersey-common-2.28.jar:/Users/cowan1/Documents/kafka_2_12/bin/../libs/jersey-container-servlet-2.28.jar:/Users/cowan1/Documents/kafka_2_12/bin/../libs/jersey-container-servlet-core-2.28.jar:/Users/cowan1/Documents/kafka_2_12/bin/../libs/jersey-hk2-2.28.jar:/Users/cowan1/Documents/kafka_2_12/bin/../libs/jersey-media-jaxb-2.28.jar:/Users/cowan1/Documents/kafka_2_12/bin/../libs/jersey-server-2.28.jar:/Users/cowan1/Documents/kafka_2_12/bin/../libs/jetty-client-9.4.18.v20190429.jar:/Users/cowan1/Documents/kafka_2_12/bin/../libs/jetty-continuation-9.4.18.v20190429.jar:/Users/cowan1/Documents/kafka_2_12/bin/../libs/jetty-http-9.4.18.v20190429.jar:/Users/cowan1/Documents/kafka_2_12/bin/../libs/jetty-io-9.4.18.v20190429.jar:/Users/cowan1/Documents/kafka_2_12/bin/../libs/jetty-security-9.4.18.v20190429.jar:/Users/cowan1/Documents/kafka_2_12/bin/../libs/jetty-server-9.4.18.v20190429.jar:/Users/cowan1/Documents/kafka_2_12/bin/../libs/jetty-servlet-9.4.18.v20190429.jar:/Users/cowan1/Documents/kafka_2_12/bin/../libs/jetty-servlets-9.4.18.v20190429.jar:/Users/cowan1/Documents/kafka_2_12/bin/../libs/jetty-util-9.4.18.v20190429.jar:/Users/cowan1/Documents/kafka_2_12/bin/../libs/jopt-simple-5.0.4.jar:/Users/cowan1/Documents/kafka_2_12/bin/../libs/jsr305-3.0.2.jar:/Users/cowan1/Documents/kafka_2_12/bin/../libs/kafka-clients-2.3.0.jar:/Users/cowan1/Documents/kafka_2_12/bin/../libs/kafka-log4j-appender-2.3.0.jar:/Users/cowan1/Documents/kafka_2_12/bin/../libs/kafka-streams-2.3.0.jar:/Users/cowan1/Documents/kafka_2_12/bin/../libs/kafka-streams-examples-2.3.0.jar:/Users/cowan1/Documents/kafka_2_12/bin/../libs/kafka-streams-scala_2.12-2.3.0.jar:/Users/cowan1/Documents/kafka_2_12/bin/../libs/kafka-streams-test-utils-2.3.0.jar:/Users/cowan1/Documents/kafka_2_12/bin/../libs/kafka-tools-2.3.0.jar:/Users/cowan1/Documents/kafka_2_12/bin/../libs/kafka_2.12-2.3.0-sources.jar:/Users/cowan1/Documents/kafka_2_12/bin/../libs/kafka_2.12-2.3.0.jar:/Users/cowan1/Documents/kafka_2_12/bin/../libs/log4j-1.2.17.jar:/Users/cowan1/Documents/kafka_2_12/bin/../libs/lz4-java-1.6.0.jar:/Users/cowan1/Documents/kafka_2_12/bin/../libs/maven-artifact-3.6.1.jar:/Users/cowan1/Documents/kafka_2_12/bin/../libs/metrics-core-2.2.0.jar:/Users/cowan1/Documents/kafka_2_12/bin/../libs/osgi-resource-locator-1.0.1.jar:/Users/cowan1/Documents/kafka_2_12/bin/../libs/paranamer-2.8.jar:/Users/cowan1/Documents/kafka_2_12/bin/../libs/plexus-utils-3.2.0.jar:/Users/cowan1/Documents/kafka_2_12/bin/../libs/reflections-0.9.11.jar:/Users/cowan1/Documents/kafka_2_12/bin/../libs/rocksdbjni-5.18.3.jar:/Users/cowan1/Documents/kafka_2_12/bin/../libs/scala-library-2.12.8.jar:/Users/cowan1/Documents/kafka_2_12/bin/../libs/scala-logging_2.12-3.9.0.jar:/Users/cowan1/Documents/kafka_2_12/bin/../libs/scala-reflect-2.12.8.jar:/Users/cowan1/Documents/kafka_2_12/bin/../libs/slf4j-api-1.7.26.jar:/Users/cowan1/Documents/kafka_2_12/bin/../libs/slf4j-log4j12-1.7.26.jar:/Users/cowan1/Documents/kafka_2_12/bin/../libs/snappy-java-1.1.7.3.jar:/Users/cowan1/Documents/kafka_2_12/bin/../libs/spotbugs-annotations-3.1.9.jar:/Users/cowan1/Documents/kafka_2_12/bin/../libs/validation-api-2.0.1.Final.jar:/Users/cowan1/Documents/kafka_2_12/bin/../libs/zkclient-0.11.jar:/Users/cowan1/Documents/kafka_2_12/bin/../libs/zookeeper-3.4.14.jar:/Users/cowan1/Documents/kafka_2_12/bin/../libs/zstd-jni-1.4.0-1.jar (org.apache.zookeeper.server.ZooKeeperServer)
[2020-05-20 15:21:41,084] INFO Server environment:java.library.path=/Users/cowan1/Library/Java/Extensions:/Library/Java/Extensions:/Network/Library/Java/Extensions:/System/Library/Java/Extensions:/usr/lib/java:. (org.apache.zookeeper.server.ZooKeeperServer)
[2020-05-20 15:21:41,085] INFO Server environment:java.io.tmpdir=/var/folders/p7/73_n9cd14y37s8gc4gj017m0rwwd_n/T/ (org.apache.zookeeper.server.ZooKeeperServer)
[2020-05-20 15:21:41,085] INFO Server environment:java.compiler=<NA> (org.apache.zookeeper.server.ZooKeeperServer)
[2020-05-20 15:21:41,085] INFO Server environment:os.name=Mac OS X (org.apache.zookeeper.server.ZooKeeperServer)
[2020-05-20 15:21:41,085] INFO Server environment:os.arch=x86_64 (org.apache.zookeeper.server.ZooKeeperServer)
[2020-05-20 15:21:41,085] INFO Server environment:os.version=10.14.6 (org.apache.zookeeper.server.ZooKeeperServer)
[2020-05-20 15:21:41,085] INFO Server environment:user.name=cowan1 (org.apache.zookeeper.server.ZooKeeperServer)
[2020-05-20 15:21:41,085] INFO Server environment:user.home=/Users/cowan1 (org.apache.zookeeper.server.ZooKeeperServer)
[2020-05-20 15:21:41,085] INFO Server environment:user.dir=/Users/cowan1/Documents/kafka_2_12 (org.apache.zookeeper.server.ZooKeeperServer)
[2020-05-20 15:21:41,090] INFO tickTime set to 3000 (org.apache.zookeeper.server.ZooKeeperServer)
[2020-05-20 15:21:41,090] INFO minSessionTimeout set to -1 (org.apache.zookeeper.server.ZooKeeperServer)
[2020-05-20 15:21:41,090] INFO maxSessionTimeout set to -1 (org.apache.zookeeper.server.ZooKeeperServer)
[2020-05-20 15:21:41,099] INFO Using org.apache.zookeeper.server.NIOServerCnxnFactory as server connection factory (org.apache.zookeeper.server.ServerCnxnFactory)
[2020-05-20 15:21:41,110] INFO binding to port 0.0.0.0/0.0.0.0:2181 (org.apache.zookeeper.server.NIOServerCnxnFactory)
[2020-05-20 15:21:48,250] INFO Expiring session 0x1000325cef90000, timeout of 6000ms exceeded (org.apache.zookeeper.server.ZooKeeperServer)
[2020-05-20 15:21:48,252] INFO Processed session termination for sessionid: 0x1000325cef90000 (org.apache.zookeeper.server.PrepRequestProcessor)
[2020-05-20 15:21:48,252] INFO Creating new log file: log.8fd (org.apache.zookeeper.server.persistence.FileTxnLog)
[2020-05-20 15:21:51,526] INFO Accepted socket connection from /0:0:0:0:0:0:0:1:52946 (org.apache.zookeeper.server.NIOServerCnxnFactory)
[2020-05-20 15:21:51,531] INFO Client attempting to establish new session at /0:0:0:0:0:0:0:1:52946 (org.apache.zookeeper.server.ZooKeeperServer)
[2020-05-20 15:21:51,534] INFO Established session 0x10003260f550000 with negotiated timeout 6000 for client /0:0:0:0:0:0:0:1:52946 (org.apache.zookeeper.server.ZooKeeperServer)
[2020-05-20 15:21:51,575] INFO Got user-level KeeperException when processing sessionid:0x10003260f550000 type:create cxid:0x1 zxid:0x8ff txntype:-1 reqpath:n/a Error Path:/consumers Error:KeeperErrorCode = NodeExists for /consumers (org.apache.zookeeper.server.PrepRequestProcessor)
[2020-05-20 15:21:51,582] INFO Got user-level KeeperException when processing sessionid:0x10003260f550000 type:create cxid:0x2 zxid:0x900 txntype:-1 reqpath:n/a Error Path:/brokers/ids Error:KeeperErrorCode = NodeExists for /brokers/ids (org.apache.zookeeper.server.PrepRequestProcessor)
[2020-05-20 15:21:51,583] INFO Got user-level KeeperException when processing sessionid:0x10003260f550000 type:create cxid:0x3 zxid:0x901 txntype:-1 reqpath:n/a Error Path:/brokers/topics Error:KeeperErrorCode = NodeExists for /brokers/topics (org.apache.zookeeper.server.PrepRequestProcessor)
[2020-05-20 15:21:51,584] INFO Got user-level KeeperException when processing sessionid:0x10003260f550000 type:create cxid:0x4 zxid:0x902 txntype:-1 reqpath:n/a Error Path:/config/changes Error:KeeperErrorCode = NodeExists for /config/changes (org.apache.zookeeper.server.PrepRequestProcessor)
[2020-05-20 15:21:51,585] INFO Got user-level KeeperException when processing sessionid:0x10003260f550000 type:create cxid:0x5 zxid:0x903 txntype:-1 reqpath:n/a Error Path:/admin/delete_topics Error:KeeperErrorCode = NodeExists for /admin/delete_topics (org.apache.zookeeper.server.PrepRequestProcessor)
[2020-05-20 15:21:51,586] INFO Got user-level KeeperException when processing sessionid:0x10003260f550000 type:create cxid:0x6 zxid:0x904 txntype:-1 reqpath:n/a Error Path:/brokers/seqid Error:KeeperErrorCode = NodeExists for /brokers/seqid (org.apache.zookeeper.server.PrepRequestProcessor)
[2020-05-20 15:21:51,587] INFO Got user-level KeeperException when processing sessionid:0x10003260f550000 type:create cxid:0x7 zxid:0x905 txntype:-1 reqpath:n/a Error Path:/isr_change_notification Error:KeeperErrorCode = NodeExists for /isr_change_notification (org.apache.zookeeper.server.PrepRequestProcessor)
[2020-05-20 15:21:51,588] INFO Got user-level KeeperException when processing sessionid:0x10003260f550000 type:create cxid:0x8 zxid:0x906 txntype:-1 reqpath:n/a Error Path:/latest_producer_id_block Error:KeeperErrorCode = NodeExists for /latest_producer_id_block (org.apache.zookeeper.server.PrepRequestProcessor)
[2020-05-20 15:21:51,589] INFO Got user-level KeeperException when processing sessionid:0x10003260f550000 type:create cxid:0x9 zxid:0x907 txntype:-1 reqpath:n/a Error Path:/log_dir_event_notification Error:KeeperErrorCode = NodeExists for /log_dir_event_notification (org.apache.zookeeper.server.PrepRequestProcessor)
[2020-05-20 15:21:51,590] INFO Got user-level KeeperException when processing sessionid:0x10003260f550000 type:create cxid:0xa zxid:0x908 txntype:-1 reqpath:n/a Error Path:/config/topics Error:KeeperErrorCode = NodeExists for /config/topics (org.apache.zookeeper.server.PrepRequestProcessor)
[2020-05-20 15:21:51,590] INFO Got user-level KeeperException when processing sessionid:0x10003260f550000 type:create cxid:0xb zxid:0x909 txntype:-1 reqpath:n/a Error Path:/config/clients Error:KeeperErrorCode = NodeExists for /config/clients (org.apache.zookeeper.server.PrepRequestProcessor)
[2020-05-20 15:21:51,592] INFO Got user-level KeeperException when processing sessionid:0x10003260f550000 type:create cxid:0xc zxid:0x90a txntype:-1 reqpath:n/a Error Path:/config/users Error:KeeperErrorCode = NodeExists for /config/users (org.apache.zookeeper.server.PrepRequestProcessor)
[2020-05-20 15:21:51,593] INFO Got user-level KeeperException when processing sessionid:0x10003260f550000 type:create cxid:0xd zxid:0x90b txntype:-1 reqpath:n/a Error Path:/config/brokers Error:KeeperErrorCode = NodeExists for /config/brokers (org.apache.zookeeper.server.PrepRequestProcessor)
[2020-05-20 15:21:52,597] INFO Got user-level KeeperException when processing sessionid:0x10003260f550000 type:multi cxid:0x72 zxid:0x90f txntype:-1 reqpath:n/a aborting remaining multi ops. Error Path:/admin/preferred_replica_election Error:KeeperErrorCode = NoNode for /admin/preferred_replica_election (org.apache.zookeeper.server.PrepRequestProcessor)
[2020-05-20 15:22:04,155] INFO Accepted socket connection from /0:0:0:0:0:0:0:1:52958 (org.apache.zookeeper.server.NIOServerCnxnFactory)
[2020-05-20 15:22:04,161] INFO Client attempting to establish new session at /0:0:0:0:0:0:0:1:52958 (org.apache.zookeeper.server.ZooKeeperServer)
[2020-05-20 15:22:04,162] INFO Established session 0x10003260f550001 with negotiated timeout 30000 for client /0:0:0:0:0:0:0:1:52958 (org.apache.zookeeper.server.ZooKeeperServer)
[2020-05-20 15:22:04,214] INFO Processed session termination for sessionid: 0x10003260f550001 (org.apache.zookeeper.server.PrepRequestProcessor)
[2020-05-20 15:22:04,215] INFO Closed socket connection for client /0:0:0:0:0:0:0:1:52958 which had sessionid 0x10003260f550001 (org.apache.zookeeper.server.NIOServerCnxn)
[2020-05-20 15:22:05,762] INFO Got user-level KeeperException when processing sessionid:0x10003260f550000 type:setData cxid:0xc5 zxid:0x91d txntype:-1 reqpath:n/a Error Path:/config/topics/fib Error:KeeperErrorCode = NoNode for /config/topics/fib (org.apache.zookeeper.server.PrepRequestProcessor)
[2020-05-20 15:22:07,240] INFO Accepted socket connection from /0:0:0:0:0:0:0:1:52963 (org.apache.zookeeper.server.NIOServerCnxnFactory)
[2020-05-20 15:22:07,245] INFO Client attempting to establish new session at /0:0:0:0:0:0:0:1:52963 (org.apache.zookeeper.server.ZooKeeperServer)
[2020-05-20 15:22:07,246] INFO Established session 0x10003260f550002 with negotiated timeout 30000 for client /0:0:0:0:0:0:0:1:52963 (org.apache.zookeeper.server.ZooKeeperServer)
[2020-05-20 15:22:07,295] INFO Processed session termination for sessionid: 0x10003260f550002 (org.apache.zookeeper.server.PrepRequestProcessor)
[2020-05-20 15:22:07,296] INFO Closed socket connection for client /0:0:0:0:0:0:0:1:52963 which had sessionid 0x10003260f550002 (org.apache.zookeeper.server.NIOServerCnxn)
[2020-05-20 15:22:08,842] INFO Got user-level KeeperException when processing sessionid:0x10003260f550000 type:setData cxid:0xe7 zxid:0x932 txntype:-1 reqpath:n/a Error Path:/config/topics/uncounted Error:KeeperErrorCode = NoNode for /config/topics/uncounted (org.apache.zookeeper.server.PrepRequestProcessor)
[2020-05-20 15:22:10,274] INFO Accepted socket connection from /0:0:0:0:0:0:0:1:52969 (org.apache.zookeeper.server.NIOServerCnxnFactory)
[2020-05-20 15:22:10,279] INFO Client attempting to establish new session at /0:0:0:0:0:0:0:1:52969 (org.apache.zookeeper.server.ZooKeeperServer)
[2020-05-20 15:22:10,280] INFO Established session 0x10003260f550003 with negotiated timeout 30000 for client /0:0:0:0:0:0:0:1:52969 (org.apache.zookeeper.server.ZooKeeperServer)
[2020-05-20 15:22:10,334] INFO Processed session termination for sessionid: 0x10003260f550003 (org.apache.zookeeper.server.PrepRequestProcessor)
[2020-05-20 15:22:10,335] INFO Closed socket connection for client /0:0:0:0:0:0:0:1:52969 which had sessionid 0x10003260f550003 (org.apache.zookeeper.server.NIOServerCnxn)
[2020-05-20 15:22:11,882] INFO Got user-level KeeperException when processing sessionid:0x10003260f550000 type:setData cxid:0x109 zxid:0x947 txntype:-1 reqpath:n/a Error Path:/config/topics/fibMat Error:KeeperErrorCode = NoNode for /config/topics/fibMat (org.apache.zookeeper.server.PrepRequestProcessor)
[2020-05-20 15:22:19,825] INFO Got user-level KeeperException when processing sessionid:0x10003260f550000 type:setData cxid:0x116 zxid:0x94f txntype:-1 reqpath:n/a Error Path:/config/topics/my-first-streams-application-store-changelog Error:KeeperErrorCode = NoNode for /config/topics/my-first-streams-application-store-changelog (org.apache.zookeeper.server.PrepRequestProcessor)
